# JRE version: Java(TM) SE Runtime Environment (8.0_60-b27) (build 1.8.0_60-b27)
# Java VM: Java HotSpot(TM) 64-Bit Server VM (25.60-b23 mixed mode bsd-amd64 compressed oops)
Heap:
 PSYoungGen      total 432128K, used 173850K [0x0000000795580000, 0x00000007b0400000, 0x00000007c0000000)
  eden space 424960K, 40% used [0x0000000795580000,0x000000079ff46830,0x00000007af480000)
  from space 7168K, 0% used [0x00000007afc00000,0x00000007afc00000,0x00000007b0300000)
  to   space 7680K, 0% used [0x00000007af480000,0x00000007af480000,0x00000007afc00000)
 ParOldGen       total 654848K, used 570764K [0x0000000740000000, 0x0000000767f80000, 0x0000000795580000)
  object space 654848K, 87% used [0x0000000740000000,0x0000000762d63340,0x0000000767f80000)
 Metaspace       used 9669K, capacity 9825K, committed 10112K, reserved 1058816K
  class space    used 1026K, capacity 1087K, committed 1152K, reserved 1048576K
GC Heap History (10 events):
Event: 6.467 GC heap before
{Heap before GC invocations=6 (full 0):
 PSYoungGen      total 71680K, used 71192K [0x0000000795580000, 0x000000079e280000, 0x00000007c0000000)
  eden space 66560K, 100% used [0x0000000795580000,0x0000000799680000,0x0000000799680000)
  from space 5120K, 90% used [0x0000000799680000,0x0000000799b06158,0x0000000799b80000)
  to   space 5632K, 0% used [0x000000079dd00000,0x000000079dd00000,0x000000079e280000)
 ParOldGen       total 654848K, used 566201K [0x0000000740000000, 0x0000000767f80000, 0x0000000795580000)
  object space 654848K, 86% used [0x0000000740000000,0x00000007628ee780,0x0000000767f80000)
 Metaspace       used 9497K, capacity 9697K, committed 9856K, reserved 1058816K
  class space    used 1019K, capacity 1087K, committed 1152K, reserved 1048576K
Event: 6.478 GC heap after
Heap after GC invocations=6 (full 0):
 PSYoungGen      total 138752K, used 4600K [0x0000000795580000, 0x000000079e280000, 0x00000007c0000000)
  eden space 133120K, 0% used [0x0000000795580000,0x0000000795580000,0x000000079d780000)
  from space 5632K, 81% used [0x000000079dd00000,0x000000079e17e158,0x000000079e280000)
  to   space 5632K, 0% used [0x000000079d780000,0x000000079d780000,0x000000079dd00000)
 ParOldGen       total 654848K, used 566201K [0x0000000740000000, 0x0000000767f80000, 0x0000000795580000)
  object space 654848K, 86% used [0x0000000740000000,0x00000007628ee780,0x0000000767f80000)
 Metaspace       used 9497K, capacity 9697K, committed 9856K, reserved 1058816K
  class space    used 1019K, capacity 1087K, committed 1152K, reserved 1048576K
}
Event: 6.717 GC heap before
{Heap before GC invocations=7 (full 0):
 PSYoungGen      total 138752K, used 137720K [0x0000000795580000, 0x000000079e280000, 0x00000007c0000000)
  eden space 133120K, 100% used [0x0000000795580000,0x000000079d780000,0x000000079d780000)
  from space 5632K, 81% used [0x000000079dd00000,0x000000079e17e158,0x000000079e280000)
  to   space 5632K, 0% used [0x000000079d780000,0x000000079d780000,0x000000079dd00000)
 ParOldGen       total 654848K, used 566201K [0x0000000740000000, 0x0000000767f80000, 0x0000000795580000)
  object space 654848K, 86% used [0x0000000740000000,0x00000007628ee780,0x0000000767f80000)
 Metaspace       used 9497K, capacity 9697K, committed 9856K, reserved 1058816K
  class space    used 1019K, capacity 1087K, committed 1152K, reserved 1048576K
Event: 6.728 GC heap after
Heap after GC invocations=7 (full 0):
 PSYoungGen      total 138752K, used 224K [0x0000000795580000, 0x00000007a6680000, 0x00000007c0000000)
  eden space 133120K, 0% used [0x0000000795580000,0x0000000795580000,0x000000079d780000)
  from space 5632K, 3% used [0x000000079d780000,0x000000079d7b8000,0x000000079dd00000)
  to   space 6656K, 0% used [0x00000007a6000000,0x00000007a6000000,0x00000007a6680000)
 ParOldGen       total 654848K, used 570620K [0x0000000740000000, 0x0000000767f80000, 0x0000000795580000)
  object space 654848K, 87% used [0x0000000740000000,0x0000000762d3f340,0x0000000767f80000)
 Metaspace       used 9497K, capacity 9697K, committed 9856K, reserved 1058816K
  class space    used 1019K, capacity 1087K, committed 1152K, reserved 1048576K
}
Event: 6.928 GC heap before
{Heap before GC invocations=8 (full 0):
 PSYoungGen      total 138752K, used 133344K [0x0000000795580000, 0x00000007a6680000, 0x00000007c0000000)
  eden space 133120K, 100% used [0x0000000795580000,0x000000079d780000,0x000000079d780000)
  from space 5632K, 3% used [0x000000079d780000,0x000000079d7b8000,0x000000079dd00000)
  to   space 6656K, 0% used [0x00000007a6000000,0x00000007a6000000,0x00000007a6680000)
 ParOldGen       total 654848K, used 570620K [0x0000000740000000, 0x0000000767f80000, 0x0000000795580000)
  object space 654848K, 87% used [0x0000000740000000,0x0000000762d3f340,0x0000000767f80000)
 Metaspace       used 9497K, capacity 9697K, committed 9856K, reserved 1058816K
  class space    used 1019K, capacity 1087K, committed 1152K, reserved 1048576K
Event: 6.933 GC heap after
Heap after GC invocations=8 (full 0):
 PSYoungGen      total 272384K, used 0K [0x0000000795580000, 0x00000007a6780000, 0x00000007c0000000)
  eden space 265728K, 0% used [0x0000000795580000,0x0000000795580000,0x00000007a5900000)
  from space 6656K, 0% used [0x00000007a6000000,0x00000007a6000000,0x00000007a6680000)
  to   space 7168K, 0% used [0x00000007a5900000,0x00000007a5900000,0x00000007a6000000)
 ParOldGen       total 654848K, used 570764K [0x0000000740000000, 0x0000000767f80000, 0x0000000795580000)
  object space 654848K, 87% used [0x0000000740000000,0x0000000762d63340,0x0000000767f80000)
 Metaspace       used 9497K, capacity 9697K, committed 9856K, reserved 1058816K
  class space    used 1019K, capacity 1087K, committed 1152K, reserved 1048576K
}
Event: 7.413 GC heap before
{Heap before GC invocations=9 (full 0):
 PSYoungGen      total 272384K, used 265728K [0x0000000795580000, 0x00000007a6780000, 0x00000007c0000000)
  eden space 265728K, 100% used [0x0000000795580000,0x00000007a5900000,0x00000007a5900000)
  from space 6656K, 0% used [0x00000007a6000000,0x00000007a6000000,0x00000007a6680000)
  to   space 7168K, 0% used [0x00000007a5900000,0x00000007a5900000,0x00000007a6000000)
 ParOldGen       total 654848K, used 570764K [0x0000000740000000, 0x0000000767f80000, 0x0000000795580000)
  object space 654848K, 87% used [0x0000000740000000,0x0000000762d63340,0x0000000767f80000)
 Metaspace       used 9498K, capacity 9697K, committed 9856K, reserved 1058816K
  class space    used 1019K, capacity 1087K, committed 1152K, reserved 1048576K
Event: 7.419 GC heap after
Heap after GC invocations=9 (full 0):
 PSYoungGen      total 272896K, used 0K [0x0000000795580000, 0x00000007b0300000, 0x00000007c0000000)
  eden space 265728K, 0% used [0x0000000795580000,0x0000000795580000,0x00000007a5900000)
  from space 7168K, 0% used [0x00000007a5900000,0x00000007a5900000,0x00000007a6000000)
  to   space 7168K, 0% used [0x00000007afc00000,0x00000007afc00000,0x00000007b0300000)
 ParOldGen       total 654848K, used 570764K [0x0000000740000000, 0x0000000767f80000, 0x0000000795580000)
  object space 654848K, 87% used [0x0000000740000000,0x0000000762d63340,0x0000000767f80000)
 Metaspace       used 9498K, capacity 9697K, committed 9856K, reserved 1058816K
  class space    used 1019K, capacity 1087K, committed 1152K, reserved 1048576K
}
Event: 7.769 GC heap before
{Heap before GC invocations=10 (full 0):
 PSYoungGen      total 272896K, used 265728K [0x0000000795580000, 0x00000007b0300000, 0x00000007c0000000)
  eden space 265728K, 100% used [0x0000000795580000,0x00000007a5900000,0x00000007a5900000)
  from space 7168K, 0% used [0x00000007a5900000,0x00000007a5900000,0x00000007a6000000)
  to   space 7168K, 0% used [0x00000007afc00000,0x00000007afc00000,0x00000007b0300000)
 ParOldGen       total 654848K, used 570764K [0x0000000740000000, 0x0000000767f80000, 0x0000000795580000)
  object space 654848K, 87% used [0x0000000740000000,0x0000000762d63340,0x0000000767f80000)
 Metaspace       used 9500K, capacity 9697K, committed 9856K, reserved 1058816K
  class space    used 1019K, capacity 1087K, committed 1152K, reserved 1048576K
Event: 7.774 GC heap after
Heap after GC invocations=10 (full 0):
 PSYoungGen      total 432128K, used 0K [0x0000000795580000, 0x00000007b0400000, 0x00000007c0000000)
  eden space 424960K, 0% used [0x0000000795580000,0x0000000795580000,0x00000007af480000)
  from space 7168K, 0% used [0x00000007afc00000,0x00000007afc00000,0x00000007b0300000)
  to   space 7680K, 0% used [0x00000007af480000,0x00000007af480000,0x00000007afc00000)
 ParOldGen       total 654848K, used 570764K [0x0000000740000000, 0x0000000767f80000, 0x0000000795580000)
  object space 654848K, 87% used [0x0000000740000000,0x0000000762d63340,0x0000000767f80000)
 Metaspace       used 9500K, capacity 9697K, committed 9856K, reserved 1058816K
  class space    used 1019K, capacity 1087K, committed 1152K, reserved 1048576K
}

